<?xml version="1.0" encoding="UTF-8"?>
<!-- Generated by org.testng.reporters.JUnitReportReporter -->
<testsuite skipped="0" hostname="BANL0010" name="com.automation.TestCase1" tests="1" failures="0" timestamp="16 Oct 2017 14:03:22 GMT" time="13.044" errors="0">
  <testcase name="Login" time="13.044" classname="com.automation.TestCase1"/>
</testsuite> <!-- com.automation.TestCase1 -->
