<?xml version="1.0" encoding="UTF-8"?>
<!-- Generated by org.testng.reporters.JUnitReportReporter -->
<testsuite skipped="0" hostname="BANL0010" name="com.automation.TestCase1" tests="1" failures="0" timestamp="20 Oct 2017 11:44:16 GMT" time="17.765" errors="0">
  <testcase name="Login" time="17.765" classname="com.automation.TestCase1"/>
</testsuite> <!-- com.automation.TestCase1 -->
